<?xml version="1.0" encoding="UTF-8"?>
<testsuite xmlns:xsi="http://www.w3.org/2001/XMLSchema-instance" xsi:noNamespaceSchemaLocation="https://maven.apache.org/surefire/maven-surefire-plugin/xsd/surefire-test-report-3.0.xsd" version="3.0" name="test.java.com.wagmi.finance.processing.PendingQueueTest" time="0.033" tests="10" errors="8" skipped="0" failures="0">
  <properties>
[...]
</properties>
  <testcase name="queue_circular_wrap_around" classname="test.java.com.wagmi.finance.processing.PendingQueueTest" time="0.001">
    <error message="Not implemented" type="java.lang.UnsupportedOperationException"><![CDATA[java.lang.UnsupportedOperationException: Not implemented
	at main.java.com.wagmi.finance.processing.PendingQueue.enqueue(PendingQueue.java:25)
	at test.java.com.wagmi.finance.processing.PendingQueueTest.queue_circular_wrap_around(PendingQueueTest.java:66)
	at java.base/java.lang.reflect.Method.invoke(Method.java:565)
	at java.base/java.util.ArrayList.forEach(ArrayList.java:1604)
	at java.base/java.util.ArrayList.forEach(ArrayList.java:1604)
]]></error>
  </testcase>
  <testcase name="queue_with_zero_capacity" classname="test.java.com.wagmi.finance.processing.PendingQueueTest" time="0.003"/>
  <testcase name="queue_multiple_wrap_arounds" classname="test.java.com.wagmi.finance.processing.PendingQueueTest" time="0.001">
    <error message="Not implemented" type="java.lang.UnsupportedOperationException"><![CDATA[java.lang.UnsupportedOperationException: Not implemented
	at main.java.com.wagmi.finance.processing.PendingQueue.enqueue(PendingQueue.java:25)
	at test.java.com.wagmi.finance.processing.PendingQueueTest.queue_multiple_wrap_arounds(PendingQueueTest.java:82)
	at java.base/java.lang.reflect.Method.invoke(Method.java:565)
	at java.base/java.util.ArrayList.forEach(ArrayList.java:1604)
	at java.base/java.util.ArrayList.forEach(ArrayList.java:1604)
]]></error>
  </testcase>
  <testcase name="enqueue_dequeue_circular_behavior_and_overflow_underflow" classname="test.java.com.wagmi.finance.processing.PendingQueueTest" time="0.003">
    <error message="Not implemented" type="java.lang.UnsupportedOperationException"><![CDATA[java.lang.UnsupportedOperationException: Not implemented
	at main.java.com.wagmi.finance.processing.PendingQueue.enqueue(PendingQueue.java:25)
	at test.java.com.wagmi.finance.processing.PendingQueueTest.enqueue_dequeue_circular_behavior_and_overflow_underflow(PendingQueueTest.java:23)
	at java.base/java.lang.reflect.Method.invoke(Method.java:565)
	at java.base/java.util.ArrayList.forEach(ArrayList.java:1604)
	at java.base/java.util.ArrayList.forEach(ArrayList.java:1604)
]]></error>
  </testcase>
  <testcase name="queue_size_tracking" classname="test.java.com.wagmi.finance.processing.PendingQueueTest" time="0.001">
    <error message="Not implemented" type="java.lang.UnsupportedOperationException"><![CDATA[java.lang.UnsupportedOperationException: Not implemented
	at main.java.com.wagmi.finance.processing.PendingQueue.enqueue(PendingQueue.java:25)
	at test.java.com.wagmi.finance.processing.PendingQueueTest.queue_size_tracking(PendingQueueTest.java:98)
	at java.base/java.lang.reflect.Method.invoke(Method.java:565)
	at java.base/java.util.ArrayList.forEach(ArrayList.java:1604)
	at java.base/java.util.ArrayList.forEach(ArrayList.java:1604)
]]></error>
  </testcase>
  <testcase name="queue_with_null_transaction" classname="test.java.com.wagmi.finance.processing.PendingQueueTest" time="0.001"/>
  <testcase name="queue_enqueue_dequeue_alternating" classname="test.java.com.wagmi.finance.processing.PendingQueueTest" time="0.001">
    <error message="Not implemented" type="java.lang.UnsupportedOperationException"><![CDATA[java.lang.UnsupportedOperationException: Not implemented
	at main.java.com.wagmi.finance.processing.PendingQueue.enqueue(PendingQueue.java:25)
	at test.java.com.wagmi.finance.processing.PendingQueueTest.queue_enqueue_dequeue_alternating(PendingQueueTest.java:138)
	at java.base/java.lang.reflect.Method.invoke(Method.java:565)
	at java.base/java.util.ArrayList.forEach(ArrayList.java:1604)
	at java.base/java.util.ArrayList.forEach(ArrayList.java:1604)
]]></error>
  </testcase>
  <testcase name="queue_fifo_order" classname="test.java.com.wagmi.finance.processing.PendingQueueTest" time="0.001">
    <error message="Not implemented" type="java.lang.UnsupportedOperationException"><![CDATA[java.lang.UnsupportedOperationException: Not implemented
	at main.java.com.wagmi.finance.processing.PendingQueue.enqueue(PendingQueue.java:25)
	at test.java.com.wagmi.finance.processing.PendingQueueTest.queue_fifo_order(PendingQueueTest.java:53)
	at java.base/java.lang.reflect.Method.invoke(Method.java:565)
	at java.base/java.util.ArrayList.forEach(ArrayList.java:1604)
	at java.base/java.util.ArrayList.forEach(ArrayList.java:1604)
]]></error>
  </testcase>
  <testcase name="queue_with_capacity_one" classname="test.java.com.wagmi.finance.processing.PendingQueueTest" time="0.005">
    <error message="Not implemented" type="java.lang.UnsupportedOperationException"><![CDATA[java.lang.UnsupportedOperationException: Not implemented
	at main.java.com.wagmi.finance.processing.PendingQueue.enqueue(PendingQueue.java:25)
	at test.java.com.wagmi.finance.processing.PendingQueueTest.queue_with_capacity_one(PendingQueueTest.java:41)
	at java.base/java.lang.reflect.Method.invoke(Method.java:565)
	at java.base/java.util.ArrayList.forEach(ArrayList.java:1604)
	at java.base/java.util.ArrayList.forEach(ArrayList.java:1604)
]]></error>
  </testcase>
  <testcase name="queue_with_large_capacity" classname="test.java.com.wagmi.finance.processing.PendingQueueTest" time="0.002">
    <error message="Not implemented" type="java.lang.UnsupportedOperationException"><![CDATA[java.lang.UnsupportedOperationException: Not implemented
	at main.java.com.wagmi.finance.processing.PendingQueue.enqueue(PendingQueue.java:25)
	at test.java.com.wagmi.finance.processing.PendingQueueTest.queue_with_large_capacity(PendingQueueTest.java:124)
	at java.base/java.lang.reflect.Method.invoke(Method.java:565)
	at java.base/java.util.ArrayList.forEach(ArrayList.java:1604)
	at java.base/java.util.ArrayList.forEach(ArrayList.java:1604)
]]></error>
  </testcase>
</testsuite>