<?xml version="1.0" encoding="UTF-8"?>
<testsuite xmlns:xsi="http://www.w3.org/2001/XMLSchema-instance" xsi:noNamespaceSchemaLocation="https://maven.apache.org/surefire/maven-surefire-plugin/xsd/surefire-test-report-3.0.xsd" version="3.0" name="test.java.com.wagmi.finance.history.OperationStackTest" time="0.137" tests="9" errors="7" skipped="0" failures="0">
  <properties>
[...]
</properties>
  <testcase name="stack_zero_capacity" classname="test.java.com.wagmi.finance.history.OperationStackTest" time="0.004"/>
  <testcase name="stack_with_capacity_one" classname="test.java.com.wagmi.finance.history.OperationStackTest" time="0.003">
    <error message="Not implemented" type="java.lang.UnsupportedOperationException"><![CDATA[java.lang.UnsupportedOperationException: Not implemented
	at main.java.com.wagmi.finance.history.OperationStack.push(OperationStack.java:21)
	at test.java.com.wagmi.finance.history.OperationStackTest.stack_with_capacity_one(OperationStackTest.java:29)
	at java.base/java.lang.reflect.Method.invoke(Method.java:565)
	at java.base/java.util.ArrayList.forEach(ArrayList.java:1604)
	at java.base/java.util.ArrayList.forEach(ArrayList.java:1604)
]]></error>
  </testcase>
  <testcase name="peek_does_not_modify_stack" classname="test.java.com.wagmi.finance.history.OperationStackTest" time="0.037">
    <error message="Not implemented" type="java.lang.UnsupportedOperationException"><![CDATA[java.lang.UnsupportedOperationException: Not implemented
	at main.java.com.wagmi.finance.history.OperationStack.push(OperationStack.java:21)
	at test.java.com.wagmi.finance.history.OperationStackTest.peek_does_not_modify_stack(OperationStackTest.java:65)
	at java.base/java.lang.reflect.Method.invoke(Method.java:565)
	at java.base/java.util.ArrayList.forEach(ArrayList.java:1604)
	at java.base/java.util.ArrayList.forEach(ArrayList.java:1604)
]]></error>
  </testcase>
  <testcase name="stack_with_large_capacity" classname="test.java.com.wagmi.finance.history.OperationStackTest" time="0.013">
    <error message="Not implemented" type="java.lang.UnsupportedOperationException"><![CDATA[java.lang.UnsupportedOperationException: Not implemented
	at main.java.com.wagmi.finance.history.OperationStack.push(OperationStack.java:21)
	at test.java.com.wagmi.finance.history.OperationStackTest.stack_with_large_capacity(OperationStackTest.java:41)
	at java.base/java.lang.reflect.Method.invoke(Method.java:565)
	at java.base/java.util.ArrayList.forEach(ArrayList.java:1604)
	at java.base/java.util.ArrayList.forEach(ArrayList.java:1604)
]]></error>
  </testcase>
  <testcase name="stack_lifo_order" classname="test.java.com.wagmi.finance.history.OperationStackTest" time="0.024">
    <error message="Not implemented" type="java.lang.UnsupportedOperationException"><![CDATA[java.lang.UnsupportedOperationException: Not implemented
	at main.java.com.wagmi.finance.history.OperationStack.push(OperationStack.java:21)
	at test.java.com.wagmi.finance.history.OperationStackTest.stack_lifo_order(OperationStackTest.java:52)
	at java.base/java.lang.reflect.Method.invoke(Method.java:565)
	at java.base/java.util.ArrayList.forEach(ArrayList.java:1604)
	at java.base/java.util.ArrayList.forEach(ArrayList.java:1604)
]]></error>
  </testcase>
  <testcase name="stack_with_empty_strings" classname="test.java.com.wagmi.finance.history.OperationStackTest" time="0.004">
    <error message="Not implemented" type="java.lang.UnsupportedOperationException"><![CDATA[java.lang.UnsupportedOperationException: Not implemented
	at main.java.com.wagmi.finance.history.OperationStack.push(OperationStack.java:21)
	at test.java.com.wagmi.finance.history.OperationStackTest.stack_with_empty_strings(OperationStackTest.java:79)
	at java.base/java.lang.reflect.Method.invoke(Method.java:565)
	at java.base/java.util.ArrayList.forEach(ArrayList.java:1604)
	at java.base/java.util.ArrayList.forEach(ArrayList.java:1604)
]]></error>
  </testcase>
  <testcase name="stack_with_null_operations" classname="test.java.com.wagmi.finance.history.OperationStackTest" time="0.004"/>
  <testcase name="stack_multiple_peeks_before_pop" classname="test.java.com.wagmi.finance.history.OperationStackTest" time="0.003">
    <error message="Not implemented" type="java.lang.UnsupportedOperationException"><![CDATA[java.lang.UnsupportedOperationException: Not implemented
	at main.java.com.wagmi.finance.history.OperationStack.push(OperationStack.java:21)
	at test.java.com.wagmi.finance.history.OperationStackTest.stack_multiple_peeks_before_pop(OperationStackTest.java:97)
	at java.base/java.lang.reflect.Method.invoke(Method.java:565)
	at java.base/java.util.ArrayList.forEach(ArrayList.java:1604)
	at java.base/java.util.ArrayList.forEach(ArrayList.java:1604)
]]></error>
  </testcase>
  <testcase name="push_pop_and_peek_behaviors_and_underflow_overflow" classname="test.java.com.wagmi.finance.history.OperationStackTest" time="0.019">
    <error message="Not implemented" type="java.lang.UnsupportedOperationException"><![CDATA[java.lang.UnsupportedOperationException: Not implemented
	at main.java.com.wagmi.finance.history.OperationStack.push(OperationStack.java:21)
	at test.java.com.wagmi.finance.history.OperationStackTest.push_pop_and_peek_behaviors_and_underflow_overflow(OperationStackTest.java:16)
	at java.base/java.lang.reflect.Method.invoke(Method.java:565)
	at java.base/java.util.ArrayList.forEach(ArrayList.java:1604)
	at java.base/java.util.ArrayList.forEach(ArrayList.java:1604)
]]></error>
  </testcase>
</testsuite>