<?xml version="1.0" encoding="UTF-8"?>
<testsuite xmlns:xsi="http://www.w3.org/2001/XMLSchema-instance" xsi:noNamespaceSchemaLocation="https://maven.apache.org/surefire/maven-surefire-plugin/xsd/surefire-test-report-3.0.xsd" version="3.0" name="test.java.com.wagmi.finance.budget.BudgetManagerTest" time="0.147" tests="14" errors="13" skipped="0" failures="0">
  <properties>
[...]
</properties>
  <testcase name="applyTransaction_with_multiple_categories" classname="test.java.com.wagmi.finance.budget.BudgetManagerTest" time="0.006">
    <error message="Not implemented" type="java.lang.UnsupportedOperationException"><![CDATA[java.lang.UnsupportedOperationException: Not implemented
	at main.java.com.wagmi.finance.budget.BudgetManager.addValidCategory(BudgetManager.java:26)
	at test.java.com.wagmi.finance.budget.BudgetManagerTest.applyTransaction_with_multiple_categories(BudgetManagerTest.java:82)
	at java.base/java.lang.reflect.Method.invoke(Method.java:565)
	at java.base/java.util.ArrayList.forEach(ArrayList.java:1604)
	at java.base/java.util.ArrayList.forEach(ArrayList.java:1604)
]]></error>
  </testcase>
  <testcase name="isOverLimit_with_exact_limit" classname="test.java.com.wagmi.finance.budget.BudgetManagerTest" time="0.042">
    <error message="Not implemented" type="java.lang.UnsupportedOperationException"><![CDATA[java.lang.UnsupportedOperationException: Not implemented
	at main.java.com.wagmi.finance.budget.BudgetManager.addValidCategory(BudgetManager.java:26)
	at test.java.com.wagmi.finance.budget.BudgetManagerTest.isOverLimit_with_exact_limit(BudgetManagerTest.java:105)
	at java.base/java.lang.reflect.Method.invoke(Method.java:565)
	at java.base/java.util.ArrayList.forEach(ArrayList.java:1604)
	at java.base/java.util.ArrayList.forEach(ArrayList.java:1604)
]]></error>
  </testcase>
  <testcase name="spending_updates_and_limit_checks" classname="test.java.com.wagmi.finance.budget.BudgetManagerTest" time="0.004">
    <error message="Not implemented" type="java.lang.UnsupportedOperationException"><![CDATA[java.lang.UnsupportedOperationException: Not implemented
	at main.java.com.wagmi.finance.budget.BudgetManager.addValidCategory(BudgetManager.java:26)
	at test.java.com.wagmi.finance.budget.BudgetManagerTest.spending_updates_and_limit_checks(BudgetManagerTest.java:36)
	at java.base/java.lang.reflect.Method.invoke(Method.java:565)
	at java.base/java.util.ArrayList.forEach(ArrayList.java:1604)
	at java.base/java.util.ArrayList.forEach(ArrayList.java:1604)
]]></error>
  </testcase>
  <testcase name="applyTransaction_with_income_updates_spending_correctly" classname="test.java.com.wagmi.finance.budget.BudgetManagerTest" time="0.004">
    <error message="Not implemented" type="java.lang.UnsupportedOperationException"><![CDATA[java.lang.UnsupportedOperationException: Not implemented
	at main.java.com.wagmi.finance.budget.BudgetManager.addValidCategory(BudgetManager.java:26)
	at test.java.com.wagmi.finance.budget.BudgetManagerTest.applyTransaction_with_income_updates_spending_correctly(BudgetManagerTest.java:74)
	at java.base/java.lang.reflect.Method.invoke(Method.java:565)
	at java.base/java.util.ArrayList.forEach(ArrayList.java:1604)
	at java.base/java.util.ArrayList.forEach(ArrayList.java:1604)
]]></error>
  </testcase>
  <testcase name="isValidCategory_with_null_category" classname="test.java.com.wagmi.finance.budget.BudgetManagerTest" time="0.004">
    <error message="Not implemented" type="java.lang.UnsupportedOperationException"><![CDATA[java.lang.UnsupportedOperationException: Not implemented
	at main.java.com.wagmi.finance.budget.BudgetManager.isValidCategory(BudgetManager.java:31)
	at test.java.com.wagmi.finance.budget.BudgetManagerTest.isValidCategory_with_null_category(BudgetManagerTest.java:125)
	at java.base/java.lang.reflect.Method.invoke(Method.java:565)
	at java.base/java.util.ArrayList.forEach(ArrayList.java:1604)
	at java.base/java.util.ArrayList.forEach(ArrayList.java:1604)
]]></error>
  </testcase>
  <testcase name="getSpending_returns_zero_for_unknown_category" classname="test.java.com.wagmi.finance.budget.BudgetManagerTest" time="0.003">
    <error message="Not implemented" type="java.lang.UnsupportedOperationException"><![CDATA[java.lang.UnsupportedOperationException: Not implemented
	at main.java.com.wagmi.finance.budget.BudgetManager.getSpending(BudgetManager.java:46)
	at test.java.com.wagmi.finance.budget.BudgetManagerTest.getSpending_returns_zero_for_unknown_category(BudgetManagerTest.java:52)
	at java.base/java.lang.reflect.Method.invoke(Method.java:565)
	at java.base/java.util.ArrayList.forEach(ArrayList.java:1604)
	at java.base/java.util.ArrayList.forEach(ArrayList.java:1604)
]]></error>
  </testcase>
  <testcase name="isApproachingLimit_with_exact_threshold" classname="test.java.com.wagmi.finance.budget.BudgetManagerTest" time="0.002">
    <error message="Not implemented" type="java.lang.UnsupportedOperationException"><![CDATA[java.lang.UnsupportedOperationException: Not implemented
	at main.java.com.wagmi.finance.budget.BudgetManager.addValidCategory(BudgetManager.java:26)
	at test.java.com.wagmi.finance.budget.BudgetManagerTest.isApproachingLimit_with_exact_threshold(BudgetManagerTest.java:97)
	at java.base/java.lang.reflect.Method.invoke(Method.java:565)
	at java.base/java.util.ArrayList.forEach(ArrayList.java:1604)
	at java.base/java.util.ArrayList.forEach(ArrayList.java:1604)
]]></error>
  </testcase>
  <testcase name="setBudgetLimit_with_negative_value" classname="test.java.com.wagmi.finance.budget.BudgetManagerTest" time="0.006">
    <error message="Not implemented" type="java.lang.UnsupportedOperationException"><![CDATA[java.lang.UnsupportedOperationException: Not implemented
	at main.java.com.wagmi.finance.budget.BudgetManager.addValidCategory(BudgetManager.java:26)
	at test.java.com.wagmi.finance.budget.BudgetManagerTest.setBudgetLimit_with_negative_value(BudgetManagerTest.java:67)
	at java.base/java.lang.reflect.Method.invoke(Method.java:565)
	at java.base/java.util.ArrayList.forEach(ArrayList.java:1604)
	at java.base/java.util.ArrayList.forEach(ArrayList.java:1604)
]]></error>
  </testcase>
  <testcase name="getBudgetLimit_returns_zero_for_unknown_category" classname="test.java.com.wagmi.finance.budget.BudgetManagerTest" time="0.002">
    <error message="Not implemented" type="java.lang.UnsupportedOperationException"><![CDATA[java.lang.UnsupportedOperationException: Not implemented
	at main.java.com.wagmi.finance.budget.BudgetManager.getBudgetLimit(BudgetManager.java:41)
	at test.java.com.wagmi.finance.budget.BudgetManagerTest.getBudgetLimit_returns_zero_for_unknown_category(BudgetManagerTest.java:47)
	at java.base/java.lang.reflect.Method.invoke(Method.java:565)
	at java.base/java.util.ArrayList.forEach(ArrayList.java:1604)
	at java.base/java.util.ArrayList.forEach(ArrayList.java:1604)
]]></error>
  </testcase>
  <testcase name="applyTransaction_with_zero_amount" classname="test.java.com.wagmi.finance.budget.BudgetManagerTest" time="0.003">
    <error message="Not implemented" type="java.lang.UnsupportedOperationException"><![CDATA[java.lang.UnsupportedOperationException: Not implemented
	at main.java.com.wagmi.finance.budget.BudgetManager.addValidCategory(BudgetManager.java:26)
	at test.java.com.wagmi.finance.budget.BudgetManagerTest.applyTransaction_with_zero_amount(BudgetManagerTest.java:113)
	at java.base/java.lang.reflect.Method.invoke(Method.java:565)
	at java.base/java.util.ArrayList.forEach(ArrayList.java:1604)
	at java.base/java.util.ArrayList.forEach(ArrayList.java:1604)
]]></error>
  </testcase>
  <testcase name="category_validation_and_limits_work" classname="test.java.com.wagmi.finance.budget.BudgetManagerTest" time="0.003">
    <error message="Not implemented" type="java.lang.UnsupportedOperationException"><![CDATA[java.lang.UnsupportedOperationException: Not implemented
	at main.java.com.wagmi.finance.budget.BudgetManager.addValidCategory(BudgetManager.java:26)
	at test.java.com.wagmi.finance.budget.BudgetManagerTest.category_validation_and_limits_work(BudgetManagerTest.java:27)
	at java.base/java.lang.reflect.Method.invoke(Method.java:565)
	at java.base/java.util.ArrayList.forEach(ArrayList.java:1604)
	at java.base/java.util.ArrayList.forEach(ArrayList.java:1604)
]]></error>
  </testcase>
  <testcase name="isOverLimit_returns_false_for_unknown_category" classname="test.java.com.wagmi.finance.budget.BudgetManagerTest" time="0.004">
    <error message="Not implemented" type="java.lang.UnsupportedOperationException"><![CDATA[java.lang.UnsupportedOperationException: Not implemented
	at main.java.com.wagmi.finance.budget.BudgetManager.isOverLimit(BudgetManager.java:61)
	at test.java.com.wagmi.finance.budget.BudgetManagerTest.isOverLimit_returns_false_for_unknown_category(BudgetManagerTest.java:62)
	at java.base/java.lang.reflect.Method.invoke(Method.java:565)
	at java.base/java.util.ArrayList.forEach(ArrayList.java:1604)
	at java.base/java.util.ArrayList.forEach(ArrayList.java:1604)
]]></error>
  </testcase>
  <testcase name="isApproachingLimit_returns_false_for_unknown_category" classname="test.java.com.wagmi.finance.budget.BudgetManagerTest" time="0.014">
    <error message="Not implemented" type="java.lang.UnsupportedOperationException"><![CDATA[java.lang.UnsupportedOperationException: Not implemented
	at main.java.com.wagmi.finance.budget.BudgetManager.isApproachingLimit(BudgetManager.java:56)
	at test.java.com.wagmi.finance.budget.BudgetManagerTest.isApproachingLimit_returns_false_for_unknown_category(BudgetManagerTest.java:57)
	at java.base/java.lang.reflect.Method.invoke(Method.java:565)
	at java.base/java.util.ArrayList.forEach(ArrayList.java:1604)
	at java.base/java.util.ArrayList.forEach(ArrayList.java:1604)
]]></error>
  </testcase>
  <testcase name="addValidCategory_with_null_category" classname="test.java.com.wagmi.finance.budget.BudgetManagerTest" time="0.003"/>
</testsuite>